[INFO ] 2020-11-02 14:17:56.599 [main] LogDaCats - A new cat,  has been put up for adoption.
[INFO ] 2020-11-02 14:17:56.601 [main] LogDaCats - A new cat was created named 
[INFO ] 2020-11-02 14:20:22.158 [main] LogDaCats - A new cat,  has been put up for adoption.
[INFO ] 2020-11-02 14:20:22.160 [main] LogDaCats - A new cat was created named 
[INFO ] 2020-11-02 14:22:16.226 [main] LogDaCats - A new cat,  has been put up for adoption.
[INFO ] 2020-11-02 14:22:16.228 [main] LogDaCats -  was created
[INFO ] 2020-11-02 14:23:38.048 [main] LogDaCats - A new cat,  has been put up for adoption.
[INFO ] 2020-11-02 14:23:38.049 [main] LogDaCats -  was created
[INFO ] 2020-11-02 14:29:26.366 [main] LogDaCats - A new cat,  has been put up for adoption.
[INFO ] 2020-11-02 14:29:26.369 [main] LogDaCats -  was created
[INFO ] 2020-11-02 14:44:35.098 [main] LogDaCats - A new cat,  has been put up for adoption.
[INFO ] 2020-11-02 14:44:35.100 [main] LogDaCats -  was created
[INFO ] 2020-11-02 14:51:24.832 [main] LogDaCats - A new cat,  has been put up for adoption.
[INFO ] 2020-11-02 14:51:24.834 [main] LogDaCats -  was created
[INFO ] 2020-11-02 15:19:44.294 [main] LogDaCats - A new cat, LittleBug has been put up for adoption.
[INFO ] 2020-11-02 15:19:44.297 [main] LogDaCats - LittleBug was created
[INFO ] 2020-11-02 15:20:36.158 [main] LogDaCats - A new cat, Luna has been put up for adoption.
[INFO ] 2020-11-02 15:20:36.160 [main] LogDaCats - Luna was created
[INFO ] 2020-11-02 15:21:29.604 [main] LogDaCats - A new cat, Teddy has been put up for adoption.
[INFO ] 2020-11-02 15:21:29.605 [main] LogDaCats - Teddy was created
