[INFO ] 2020-11-09 10:31:41.127 [main] LogInfo - cat1 683163 Successfully Deposited 100.0 Into Your CHECKING
[INFO ] 2020-11-09 10:32:20.786 [main] LogInfo - cat1 683163 Successfully Deposited 200.0 Into Your CHECKING
[INFO ] 2020-11-09 10:34:02.608 [main] LogInfo - cat1 683163 Successfully Deposited 500.0 Into Your CHECKING
[INFO ] 2020-11-09 10:35:23.660 [main] LogInfo - cat1 919761 Has Been Approved.
[INFO ] 2020-11-09 10:39:12.559 [main] LogInfo - A new employee, Fred Red has been added to the company!
[INFO ] 2020-11-09 10:39:12.562 [main] LogInfo - FredRed Has Been Added To Employee
[INFO ] 2020-11-09 10:39:34.188 [main] LogInfo - cat1 683163 Has Been Approved.
[INFO ] 2020-11-09 10:39:41.012 [main] LogInfo - cat1 919761 Has Been Denied
[INFO ] 2020-11-09 12:04:17.094 [main] LogInfo - A new customer, Beau Becks has created a new account!
[INFO ] 2020-11-09 12:07:10.018 [main] LogInfo - A new employee, Fred Red has been added to the company!
[INFO ] 2020-11-09 12:07:10.019 [main] LogInfo - FredRed Has Been Added To Employee
[INFO ] 2020-11-09 12:07:53.421 [main] LogInfo - cat1 683163 Has Been Denied
[INFO ] 2020-11-09 12:07:56.982 [main] LogInfo - cat1 919761 Has Been Denied
[INFO ] 2020-11-09 12:08:26.758 [main] LogInfo - beau1 322674 Has Been Approved.
[INFO ] 2020-11-09 12:09:33.134 [main] LogInfo - beau1 322674 Successfully Deposited 555.0 Into CHECKING
[INFO ] 2020-11-09 12:10:06.382 [main] LogInfo - beau1 322674 Successfully Deposited 10.0 Into CHECKING
[INFO ] 2020-11-09 12:10:19.350 [main] LogInfo - beau1 322674 Successfully Withdrew 55.0 Into CHECKING
[INFO ] 2020-11-09 12:11:01.501 [main] LogInfo - beau1 322674 Successfully Transferred 300.0 From  CHECKING To SAVING
[INFO ] 2020-11-09 12:11:50.088 [main] LogInfo - A new employee, Ted Bed has been added to the company!
[INFO ] 2020-11-09 12:11:50.088 [main] LogInfo - TedBed Has Been Added To Employee
[INFO ] 2020-11-09 12:14:03.836 [main] LogInfo - beau1 322674 Successfully Deposited 200.0 Into CHECKING
[INFO ] 2020-11-09 12:15:32.999 [main] LogInfo - Customer [firstName=Beau, lastName=Becks, username=beau1, password=12345, balance=0.0, otherBalance=0.0, accountNumber=322674, accountStatus=false] Was Deleted
[INFO ] 2020-11-09 12:16:08.214 [main] LogInfo - Customer [firstName=Bad, lastName=Egg, username=badegg, password=999999, balance=5000.0, otherBalance=300.0, accountNumber=34676, accountStatus=true] Was Deleted
[INFO ] 2020-11-09 12:16:26.318 [main] LogInfo - Customer [firstName=Souki, lastName=San, username=cat1, password=123123, balance=0.0, otherBalance=0.0, accountNumber=683163, accountStatus=false] Was Deleted
[INFO ] 2020-11-09 12:16:34.861 [main] LogInfo - Customer [firstName=Souki, lastName=San, username=cat1, password=123123, balance=0.0, otherBalance=0.0, accountNumber=919761, accountStatus=false] Was Deleted
[INFO ] 2020-11-09 12:17:02.859 [main] LogInfo - A new customer, Senna Becks has created a new account!
[INFO ] 2020-11-09 12:37:53.223 [main] LogInfo - senna1 281813 Successfully Deposited 10000.0 Into CHECKING
[INFO ] 2020-11-09 12:42:45.007 [main] LogInfo - senna1 281813 Successfully Deposited 5000.0 Into CHECKING
[INFO ] 2020-11-09 12:46:36.894 [main] LogInfo - A new customer, Senna Beck has created a new account!
[INFO ] 2020-11-09 12:48:24.290 [main] LogInfo - A new employee, Ted Bed has been added to the company!
[INFO ] 2020-11-09 12:48:24.290 [main] LogInfo - TedBed Has Been Added To Employee
[INFO ] 2020-11-09 12:49:17.214 [main] LogInfo - senna1 281813 Has Been Denied
[INFO ] 2020-11-09 12:49:34.990 [main] LogInfo - sennab 159224 Has Been Approved.
[INFO ] 2020-11-09 12:50:02.614 [main] LogInfo - sennab 159224 Successfully Deposited 5000.0 Into CHECKING
[INFO ] 2020-11-09 12:51:16.934 [main] LogInfo - sennab 159224 Successfully Transferred 400.0 From  CHECKING To SAVING
[INFO ] 2020-11-09 12:51:55.287 [main] LogInfo - sennab 159224 Successfully Deposited 400.0 Into CHECKING
[INFO ] 2020-11-09 12:53:04.839 [main] LogInfo - sennab 159224 Successfully Deposited 5000.0 Into CHECKING
[INFO ] 2020-11-09 12:55:56.799 [main] LogInfo - sennab 159224 Has Been Denied
[INFO ] 2020-11-09 12:56:21.099 [main] LogInfo - A new customer, Senna Beck has created a new account!
[INFO ] 2020-11-09 14:23:24.028 [main] LogInfo - A new customer, a A has created a new account!
[INFO ] 2020-11-09 14:23:24.036 [main] LogInfo - A new customer, c C has created a new account!
[INFO ] 2020-11-09 14:23:42.273 [main] LogInfo - A new customer, a A has created a new account!
[INFO ] 2020-11-09 14:23:42.278 [main] LogInfo - A new customer, c C has created a new account!
[INFO ] 2020-11-09 14:24:10.057 [main] LogInfo - Customer [firstName=a, lastName=A, username=aaa, password=123, balance=0.0, otherBalance=0.0, accountNumber=86177, accountStatus=false] Was Deleted
[INFO ] 2020-11-09 14:24:15.704 [main] LogInfo - Customer [firstName=c, lastName=C, username=ccc, password=321, balance=0.0, otherBalance=0.0, accountNumber=345354, accountStatus=true] Was Deleted
[INFO ] 2020-11-09 14:24:49.640 [main] LogInfo - A new customer, Senna Beck has created a new account!
[INFO ] 2020-11-09 14:30:13.067 [main] LogInfo - A new employee, Jeff Smith has been added to the company!
[INFO ] 2020-11-09 14:30:13.070 [main] LogInfo - JeffSmith Has Been Added To Employee
[INFO ] 2020-11-09 15:31:13.136 [main] LogInfo - A new customer, Souki San has created a new account!
[INFO ] 2020-11-09 15:32:23.716 [main] LogInfo - A new employee, Fred Red has been added to the company!
[INFO ] 2020-11-09 15:32:23.716 [main] LogInfo - FredRed Has Been Added To Employee
[INFO ] 2020-11-09 15:33:00.168 [main] LogInfo - aaa 86177 Has Been Denied
[INFO ] 2020-11-09 15:33:05.161 [main] LogInfo - sennab 639307 Has Been Approved.
[INFO ] 2020-11-09 15:33:10.249 [main] LogInfo - cat1 49695 Has Been Approved.
[INFO ] 2020-11-09 15:33:36.450 [main] LogInfo - cat1 49695 Successfully Deposited 5500.0 Into CHECKING
[INFO ] 2020-11-09 15:33:53.049 [main] LogInfo - cat1 49695 Successfully Withdrew 200.0 Into CHECKING
[INFO ] 2020-11-09 15:34:21.121 [main] LogInfo - cat1 49695 Successfully Transferred 0.0 From  SAVING To CHECKING
[INFO ] 2020-11-09 15:34:34.313 [main] LogInfo - cat1 49695 Successfully Transferred 300.0 From  CHECKING To SAVING
[INFO ] 2020-11-09 15:35:06.281 [main] LogInfo - Customer [firstName=Souki, lastName=San, username=cat1, password=12345, balance=5000.0, otherBalance=300.0, accountNumber=49695, accountStatus=true] Was Deleted
